-------------------------------------------------------------------------------
Test set: com.gmail.test.PractiseTestSuite
-------------------------------------------------------------------------------
Tests run: 3, Failures: 0, Errors: 3, Skipped: 0, Time elapsed: 0.112 s <<< FAILURE! - in com.gmail.test.PractiseTestSuite
Login with valid creadential(Login To Guvi application)  Time elapsed: 0.06 s  <<< ERROR!
net.thucydides.core.webdriver.DriverConfigurationError: Unsupported browser type: true. Did you mean edge?
Caused by: java.lang.IllegalArgumentException: Unsupported driver type: TRUE

Feature: Login To Guvi application  Time elapsed: 0.06 s  <<< ERROR!
net.thucydides.core.webdriver.DriverConfigurationError: Unsupported browser type: true. Did you mean edge?
Caused by: java.lang.IllegalArgumentException: Unsupported driver type: TRUE

com.gmail.test.PractiseTestSuite  Time elapsed: 0.06 s  <<< ERROR!
net.thucydides.core.webdriver.DriverConfigurationError: Unsupported browser type: true. Did you mean edge?
Caused by: java.lang.IllegalArgumentException: Unsupported driver type: TRUE

